TN:
SF:src/modules/appointments/services/CreateAppointmentSerivce.ts
FN:53,__decorate
FN:53,__metadata
FN:53,__param
FN:53,__awaiter
FN:53,adopt
FN:53,fulfilled
FN:53,rejected
FN:53,step
FN:53,__generator
FN:53,sent
FN:53,Symbol.function.g.(anonymous function)
FN:53,verb
FN:53,step
FN:53,__importDefault
FN:20,CreateAppointmentSerivce
FN:29,CreateAppointmentSerivce.execute
FNF:16
FNH:14
FNDA:1,__decorate
FNDA:1,__metadata
FNDA:1,__param
FNDA:3,__awaiter
FNDA:5,adopt
FNDA:5,fulfilled
FNDA:0,rejected
FNDA:7,step
FNDA:3,__generator
FNDA:5,sent
FNDA:0,Symbol.function.g.(anonymous function)
FNDA:9,verb
FNDA:8,step
FNDA:1,__importDefault
FNDA:2,CreateAppointmentSerivce
FNDA:3,CreateAppointmentSerivce.execute
DA:1,1
DA:2,1
DA:3,1
DA:4,1
DA:5,1
DA:6,1
DA:7,1
DA:8,1
DA:9,1
DA:10,1
DA:11,1
DA:12,1
DA:13,1
DA:14,1
DA:15,1
DA:16,1
DA:17,1
DA:18,1
DA:19,1
DA:20,1
DA:21,2
DA:22,2
DA:23,2
DA:24,2
DA:25,2
DA:26,1
DA:27,1
DA:28,1
DA:29,1
DA:30,3
DA:31,3
DA:32,3
DA:33,3
DA:34,3
DA:35,3
DA:36,3
DA:37,3
DA:38,3
DA:39,3
DA:40,1
DA:41,1
DA:42,2
DA:43,2
DA:44,2
DA:45,2
DA:46,2
DA:47,2
DA:48,3
DA:49,3
DA:50,3
DA:51,1
DA:52,1
DA:53,1
LF:53
LH:53
BRDA:53,0,0,1
BRDA:53,1,0,1
BRDA:53,2,0,0
BRDA:53,3,0,0
BRDA:53,4,0,0
BRDA:53,5,0,0
BRDA:53,6,0,1
BRDA:53,7,0,1
BRDA:53,8,0,1
BRDA:53,9,0,3
BRDA:53,10,0,5
BRDA:53,11,0,0
BRDA:53,12,0,3
BRDA:53,13,0,5
BRDA:53,14,0,4
BRDA:53,15,0,1
BRDA:53,16,0,7
BRDA:53,17,0,2
BRDA:53,18,0,5
BRDA:53,19,0,3
BRDA:53,20,0,5
BRDA:53,21,0,0
BRDA:53,22,0,9
BRDA:53,23,0,8
BRDA:53,24,0,8
BRDA:53,25,0,0
BRDA:53,26,0,16
BRDA:53,27,0,0
BRDA:53,28,0,0
BRDA:53,29,0,0
BRDA:53,30,0,0
BRDA:53,31,0,8
BRDA:53,32,0,8
BRDA:53,33,0,0
BRDA:53,34,0,5
BRDA:53,35,0,0
BRDA:53,36,0,3
BRDA:53,37,0,0
BRDA:53,38,0,2
BRDA:53,39,0,0
BRDA:53,40,0,0
BRDA:53,41,0,0
BRDA:53,42,0,0
BRDA:53,43,0,0
BRDA:53,44,0,8
BRDA:53,45,0,7
BRDA:53,46,0,1
BRDA:53,47,0,8
BRDA:53,48,0,3
BRDA:53,49,0,1
BRDA:53,50,0,2
BRDA:53,51,0,0
BRDA:53,52,0,1
BRDA:53,53,0,0
BRDA:16,54,0,1
BRDA:20,55,0,2
BRDA:29,56,0,3
BRDA:53,57,0,3
BRDA:53,58,0,8
BRDA:53,59,0,3
BRDA:53,60,0,0
BRDA:53,61,0,3
BRDA:39,62,0,1
BRDA:41,63,0,2
BRDA:53,64,0,0
BRDA:53,65,0,2
BRDA:53,66,0,0
BRF:67
BRH:43
end_of_record
TN:
SF:src/modules/users/services/CreateSessionService.ts
FN:65,__decorate
FN:65,__metadata
FN:65,__param
FN:65,__awaiter
FN:65,adopt
FN:65,fulfilled
FN:65,rejected
FN:65,step
FN:65,__generator
FN:65,sent
FN:65,Symbol.function.g.(anonymous function)
FN:65,verb
FN:65,step
FN:65,__importDefault
FN:27,CreateSessionService
FN:38,CreateSessionService.execute
FNF:16
FNH:14
FNDA:1,__decorate
FNDA:1,__metadata
FNDA:2,__param
FNDA:3,__awaiter
FNDA:5,adopt
FNDA:5,fulfilled
FNDA:0,rejected
FNDA:6,step
FNDA:3,__generator
FNDA:5,sent
FNDA:0,Symbol.function.g.(anonymous function)
FNDA:9,verb
FNDA:8,step
FNDA:2,__importDefault
FNDA:3,CreateSessionService
FNDA:3,CreateSessionService.execute
DA:1,1
DA:2,1
DA:3,1
DA:4,1
DA:5,1
DA:6,1
DA:7,1
DA:8,1
DA:9,1
DA:10,1
DA:11,1
DA:12,1
DA:13,1
DA:14,1
DA:15,1
DA:16,1
DA:17,1
DA:18,1
DA:19,1
DA:20,1
DA:21,1
DA:22,1
DA:23,1
DA:24,1
DA:25,1
DA:26,1
DA:27,1
DA:28,3
DA:29,3
DA:30,3
DA:31,3
DA:32,3
DA:33,3
DA:34,3
DA:35,3
DA:36,3
DA:37,1
DA:38,1
DA:39,3
DA:40,3
DA:41,3
DA:42,1
DA:43,1
DA:44,2
DA:45,2
DA:46,2
DA:47,2
DA:48,2
DA:49,3
DA:50,1
DA:51,1
DA:52,1
DA:53,1
DA:54,1
DA:55,1
DA:56,1
DA:57,1
DA:58,1
DA:59,1
DA:60,1
DA:61,1
DA:62,3
DA:63,1
DA:64,1
DA:65,1
LF:65
LH:65
BRDA:65,0,0,1
BRDA:65,1,0,1
BRDA:65,2,0,0
BRDA:65,3,0,0
BRDA:65,4,0,0
BRDA:65,5,0,0
BRDA:65,6,0,1
BRDA:65,7,0,2
BRDA:65,8,0,2
BRDA:65,9,0,3
BRDA:65,10,0,5
BRDA:65,11,0,0
BRDA:65,12,0,3
BRDA:65,13,0,5
BRDA:65,14,0,3
BRDA:65,15,0,2
BRDA:65,16,0,6
BRDA:65,17,0,1
BRDA:65,18,0,5
BRDA:65,19,0,3
BRDA:65,20,0,5
BRDA:65,21,0,0
BRDA:65,22,0,9
BRDA:65,23,0,8
BRDA:65,24,0,8
BRDA:65,25,0,0
BRDA:65,26,0,16
BRDA:65,27,0,0
BRDA:65,28,0,0
BRDA:65,29,0,0
BRDA:65,30,0,0
BRDA:65,31,0,8
BRDA:65,32,0,8
BRDA:65,33,0,0
BRDA:65,34,0,5
BRDA:65,35,0,0
BRDA:65,36,0,3
BRDA:65,37,0,0
BRDA:65,38,0,1
BRDA:65,39,0,0
BRDA:65,40,0,0
BRDA:65,41,0,0
BRDA:65,42,0,0
BRDA:65,43,0,0
BRDA:65,44,0,8
BRDA:65,45,0,6
BRDA:65,46,0,2
BRDA:65,47,0,8
BRDA:65,48,0,3
BRDA:65,49,0,2
BRDA:65,50,0,1
BRDA:65,51,0,0
BRDA:65,52,0,2
BRDA:65,53,0,0
BRDA:23,54,0,1
BRDA:27,55,0,3
BRDA:38,56,0,3
BRDA:65,57,0,3
BRDA:65,58,0,8
BRDA:39,59,0,3
BRDA:65,60,0,0
BRDA:65,61,0,3
BRDA:41,62,0,1
BRDA:43,63,0,2
BRDA:65,64,0,0
BRDA:65,65,0,2
BRDA:49,66,0,1
BRDA:65,67,0,0
BRF:68
BRH:44
end_of_record
TN:
SF:src/modules/users/services/CreateUserService.ts
FN:50,__decorate
FN:50,__metadata
FN:50,__param
FN:50,__awaiter
FN:50,adopt
FN:50,fulfilled
FN:50,rejected
FN:50,step
FN:50,__generator
FN:50,sent
FN:50,Symbol.function.g.(anonymous function)
FN:50,verb
FN:50,step
FN:50,__importDefault
FN:20,CreateUserService
FN:31,CreateUserService.execute
FNF:16
FNH:14
FNDA:2,__decorate
FNDA:2,__metadata
FNDA:4,__param
FNDA:5,__awaiter
FNDA:13,adopt
FNDA:13,fulfilled
FNDA:0,rejected
FNDA:17,step
FNDA:5,__generator
FNDA:13,sent
FNDA:0,Symbol.function.g.(anonymous function)
FNDA:15,verb
FNDA:18,step
FNDA:2,__importDefault
FNDA:4,CreateUserService
FNDA:5,CreateUserService.execute
DA:1,1
DA:2,1
DA:3,1
DA:4,1
DA:5,1
DA:6,1
DA:7,1
DA:8,1
DA:9,1
DA:10,1
DA:11,1
DA:12,1
DA:13,1
DA:14,1
DA:15,1
DA:16,2
DA:17,2
DA:18,2
DA:19,2
DA:20,2
DA:21,4
DA:22,4
DA:23,4
DA:24,4
DA:25,4
DA:26,4
DA:27,4
DA:28,4
DA:29,4
DA:30,2
DA:31,2
DA:32,5
DA:33,5
DA:34,5
DA:35,1
DA:36,1
DA:37,4
DA:38,4
DA:39,5
DA:40,5
DA:41,5
DA:42,5
DA:43,5
DA:44,5
DA:45,5
DA:46,5
DA:47,5
DA:48,2
DA:49,1
DA:50,1
LF:50
LH:50
BRDA:50,0,0,2
BRDA:50,1,0,2
BRDA:50,2,0,0
BRDA:50,3,0,0
BRDA:50,4,0,0
BRDA:50,5,0,0
BRDA:50,6,0,2
BRDA:50,7,0,4
BRDA:50,8,0,4
BRDA:50,9,0,5
BRDA:50,10,0,13
BRDA:50,11,0,0
BRDA:50,12,0,5
BRDA:50,13,0,13
BRDA:50,14,0,12
BRDA:50,15,0,1
BRDA:50,16,0,17
BRDA:50,17,0,4
BRDA:50,18,0,13
BRDA:50,19,0,5
BRDA:50,20,0,13
BRDA:50,21,0,0
BRDA:50,22,0,15
BRDA:50,23,0,18
BRDA:50,24,0,18
BRDA:50,25,0,0
BRDA:50,26,0,36
BRDA:50,27,0,0
BRDA:50,28,0,0
BRDA:50,29,0,0
BRDA:50,30,0,0
BRDA:50,31,0,18
BRDA:50,32,0,18
BRDA:50,33,0,0
BRDA:50,34,0,13
BRDA:50,35,0,0
BRDA:50,36,0,5
BRDA:50,37,0,0
BRDA:50,38,0,4
BRDA:50,39,0,0
BRDA:50,40,0,0
BRDA:50,41,0,0
BRDA:50,42,0,0
BRDA:50,43,0,0
BRDA:50,44,0,28
BRDA:50,45,0,18
BRDA:50,46,0,17
BRDA:50,47,0,1
BRDA:50,48,0,18
BRDA:50,49,0,5
BRDA:50,50,0,1
BRDA:50,51,0,4
BRDA:50,52,0,0
BRDA:50,53,0,2
BRDA:50,54,0,0
BRDA:16,55,0,2
BRDA:20,56,0,4
BRDA:31,57,0,5
BRDA:50,58,0,5
BRDA:50,59,0,18
BRDA:32,60,0,5
BRDA:50,61,0,0
BRDA:50,62,0,5
BRDA:34,63,0,1
BRDA:36,64,0,4
BRDA:50,65,0,0
BRDA:50,66,0,4
BRDA:50,67,0,0
BRDA:50,68,0,4
BRDA:50,69,0,0
BRF:70
BRH:45
end_of_record
TN:
SF:src/modules/users/services/UpdateUserAvatarService.ts
FN:60,__decorate
FN:60,__metadata
FN:60,__param
FN:60,__awaiter
FN:60,adopt
FN:60,fulfilled
FN:60,rejected
FN:60,step
FN:60,__generator
FN:60,sent
FN:60,Symbol.function.g.(anonymous function)
FN:60,verb
FN:60,step
FN:60,__importDefault
FN:23,UpdateUserServiceAvatar
FN:34,UpdateUserServiceAvatar.execute
FNF:16
FNH:14
FNDA:1,__decorate
FNDA:1,__metadata
FNDA:2,__param
FNDA:5,__awaiter
FNDA:15,adopt
FNDA:15,fulfilled
FNDA:0,rejected
FNDA:19,step
FNDA:5,__generator
FNDA:15,sent
FNDA:0,Symbol.function.g.(anonymous function)
FNDA:15,verb
FNDA:20,step
FNDA:1,__importDefault
FNDA:3,UpdateUserServiceAvatar
FNDA:5,UpdateUserServiceAvatar.execute
DA:1,1
DA:2,1
DA:3,1
DA:4,1
DA:5,1
DA:6,1
DA:7,1
DA:8,1
DA:9,1
DA:10,1
DA:11,1
DA:12,1
DA:13,1
DA:14,1
DA:15,1
DA:16,1
DA:17,1
DA:18,1
DA:19,1
DA:20,1
DA:21,1
DA:22,1
DA:23,1
DA:24,3
DA:25,3
DA:26,3
DA:27,3
DA:28,3
DA:29,3
DA:30,3
DA:31,3
DA:32,3
DA:33,1
DA:34,1
DA:35,5
DA:36,5
DA:37,5
DA:38,5
DA:39,5
DA:40,5
DA:41,1
DA:42,1
DA:43,1
DA:44,1
DA:45,1
DA:46,4
DA:47,4
DA:48,2
DA:49,5
DA:50,5
DA:51,5
DA:52,5
DA:53,5
DA:54,5
DA:55,5
DA:56,5
DA:57,5
DA:58,1
DA:59,1
DA:60,1
LF:60
LH:60
BRDA:60,0,0,1
BRDA:60,1,0,1
BRDA:60,2,0,0
BRDA:60,3,0,0
BRDA:60,4,0,0
BRDA:60,5,0,0
BRDA:60,6,0,1
BRDA:60,7,0,2
BRDA:60,8,0,2
BRDA:60,9,0,5
BRDA:60,10,0,15
BRDA:60,11,0,0
BRDA:60,12,0,5
BRDA:60,13,0,15
BRDA:60,14,0,14
BRDA:60,15,0,1
BRDA:60,16,0,19
BRDA:60,17,0,4
BRDA:60,18,0,15
BRDA:60,19,0,5
BRDA:60,20,0,15
BRDA:60,21,0,0
BRDA:60,22,0,15
BRDA:60,23,0,20
BRDA:60,24,0,20
BRDA:60,25,0,0
BRDA:60,26,0,42
BRDA:60,27,0,0
BRDA:60,28,0,0
BRDA:60,29,0,0
BRDA:60,30,0,0
BRDA:60,31,0,20
BRDA:60,32,0,20
BRDA:60,33,0,0
BRDA:60,34,0,15
BRDA:60,35,0,0
BRDA:60,36,0,7
BRDA:60,37,0,0
BRDA:60,38,0,6
BRDA:60,39,0,5
BRDA:60,40,0,2
BRDA:60,41,0,0
BRDA:60,42,0,2
BRDA:60,43,0,0
BRDA:60,44,0,0
BRDA:60,45,0,0
BRDA:60,46,0,0
BRDA:60,47,0,22
BRDA:60,48,0,21
BRDA:60,49,0,1
BRDA:60,50,0,22
BRDA:60,51,0,5
BRDA:60,52,0,1
BRDA:60,53,0,4
BRDA:60,54,0,0
BRDA:60,55,0,1
BRDA:60,56,0,0
BRDA:19,57,0,1
BRDA:23,58,0,3
BRDA:34,59,0,5
BRDA:60,60,0,5
BRDA:60,61,0,22
BRDA:38,62,0,5
BRDA:60,63,0,0
BRDA:60,64,0,5
BRDA:40,65,0,1
BRDA:45,66,0,4
BRDA:47,67,0,2
BRDA:60,68,0,0
BRDA:60,69,0,2
BRDA:51,70,0,4
BRDA:60,71,0,0
BRDA:60,72,0,4
BRDA:60,73,0,0
BRDA:60,74,0,4
BRDA:60,75,0,0
BRF:76
BRH:50
end_of_record
